<?xml version="1.0" encoding="UTF-8"?>
<testng-results ignored="0" total="2" passed="2" failed="0" skipped="0">
  <reporter-output>
  </reporter-output>
  <suite started-at="2025-12-10T23:41:38 IST" name="Suite" finished-at="2025-12-10T23:41:55 IST" duration-ms="17196">
    <groups>
      <group name="Master">
        <method signature="TC001_RegistrationTest.Registration()[pri:0, instance:testCases.TC001_RegistrationTest@5e82df6a]" name="Registration" class="testCases.TC001_RegistrationTest"/>
        <method signature="TC002_LoginPage.HomepageLogin()[pri:1, instance:testCases.TC002_LoginPage@6ca8564a]" name="HomepageLogin" class="testCases.TC002_LoginPage"/>
      </group> <!-- Master -->
      <group name="Sanity">
        <method signature="TC001_RegistrationTest.Registration()[pri:0, instance:testCases.TC001_RegistrationTest@5e82df6a]" name="Registration" class="testCases.TC001_RegistrationTest"/>
      </group> <!-- Sanity -->
      <group name="Regression">
        <method signature="TC002_LoginPage.HomepageLogin()[pri:1, instance:testCases.TC002_LoginPage@6ca8564a]" name="HomepageLogin" class="testCases.TC002_LoginPage"/>
      </group> <!-- Regression -->
    </groups>
    <test started-at="2025-12-10T23:41:38 IST" name="Linux-Test" finished-at="2025-12-10T23:41:55 IST" duration-ms="17196">
      <class name="testCases.TC001_RegistrationTest">
        <test-method is-config="true" signature="setUp(java.lang.String,java.lang.String)[pri:0, instance:testCases.TC001_RegistrationTest@5e82df6a]" started-at="2025-12-10T23:41:38 IST" name="setUp" finished-at="2025-12-10T23:41:45 IST" duration-ms="6877" status="PASS">
          <params>
            <param index="0">
              <value>
                <![CDATA[Linux]]>
              </value>
            </param>
            <param index="1">
              <value>
                <![CDATA[firefox]]>
              </value>
            </param>
          </params>
          <reporter-output>
          </reporter-output>
        </test-method> <!-- setUp -->
        <test-method signature="Registration()[pri:0, instance:testCases.TC001_RegistrationTest@5e82df6a]" started-at="2025-12-10T23:41:45 IST" name="Registration" finished-at="2025-12-10T23:41:47 IST" duration-ms="2158" status="PASS">
          <reporter-output>
          </reporter-output>
        </test-method> <!-- Registration -->
        <test-method is-config="true" signature="tearDown()[pri:0, instance:testCases.TC001_RegistrationTest@5e82df6a]" started-at="2025-12-10T23:41:47 IST" name="tearDown" finished-at="2025-12-10T23:41:48 IST" duration-ms="1094" status="PASS">
          <reporter-output>
          </reporter-output>
        </test-method> <!-- tearDown -->
      </class> <!-- testCases.TC001_RegistrationTest -->
      <class name="testCases.TC002_LoginPage">
        <test-method is-config="true" signature="setUp(java.lang.String,java.lang.String)[pri:0, instance:testCases.TC002_LoginPage@6ca8564a]" started-at="2025-12-10T23:41:48 IST" name="setUp" finished-at="2025-12-10T23:41:52 IST" duration-ms="4178" status="PASS">
          <params>
            <param index="0">
              <value>
                <![CDATA[Linux]]>
              </value>
            </param>
            <param index="1">
              <value>
                <![CDATA[firefox]]>
              </value>
            </param>
          </params>
          <reporter-output>
          </reporter-output>
        </test-method> <!-- setUp -->
        <test-method signature="HomepageLogin()[pri:1, instance:testCases.TC002_LoginPage@6ca8564a]" started-at="2025-12-10T23:41:52 IST" name="HomepageLogin" finished-at="2025-12-10T23:41:54 IST" duration-ms="1540" status="PASS">
          <reporter-output>
          </reporter-output>
        </test-method> <!-- HomepageLogin -->
        <test-method is-config="true" signature="tearDown()[pri:0, instance:testCases.TC002_LoginPage@6ca8564a]" started-at="2025-12-10T23:41:54 IST" name="tearDown" finished-at="2025-12-10T23:41:55 IST" duration-ms="973" status="PASS">
          <reporter-output>
          </reporter-output>
        </test-method> <!-- tearDown -->
      </class> <!-- testCases.TC002_LoginPage -->
    </test> <!-- Linux-Test -->
  </suite> <!-- Suite -->
</testng-results>
